<?xml version="1.0" encoding="UTF-8"?>
<testsuite name="tourGuide.TestRewardsService" tests="3" skipped="0" failures="0" errors="0" timestamp="2022-12-01T07:37:59" hostname="eletelekeli-ThinkPad-L450" time="11.006">
  <properties/>
  <testcase name="nearAllAttractions" classname="tourGuide.TestRewardsService" time="10.571"/>
  <testcase name="userGetRewards" classname="tourGuide.TestRewardsService" time="0.424"/>
  <testcase name="isWithinAttractionProximity" classname="tourGuide.TestRewardsService" time="0.011"/>
  <system-out><![CDATA[2022-12-01 08:37:59.566 DEBUG 47796 --- [    Test worker] tourGuide.dao.UserDAOForTesting          : Created 1 internal test users.
TEST nearAllAttractions : Time elapsed : 10 seconds.
]]></system-out>
  <system-err><![CDATA[]]></system-err>
</testsuite>
