<?xml version="1.0" encoding="UTF-8"?>
<testsuite name="tourGuide.TestPerformance" tests="4" skipped="2" failures="0" errors="0" timestamp="2022-12-01T07:37:57" hostname="eletelekeli-ThinkPad-L450" time="1.722">
  <properties/>
  <testcase name="highVolumeTrackLocation_WithoutOptimization" classname="tourGuide.TestPerformance" time="0.0">
    <skipped/>
  </testcase>
  <testcase name="highVolumeTrackLocation" classname="tourGuide.TestPerformance" time="0.214"/>
  <testcase name="highVolumeGetRewards" classname="tourGuide.TestPerformance" time="1.508"/>
  <testcase name="highVolumeGetRewards_withoutOptimization" classname="tourGuide.TestPerformance" time="0.0">
    <skipped/>
  </testcase>
  <system-out><![CDATA[2022-12-01 08:37:57.847 DEBUG 47796 --- [    Test worker] tourGuide.dao.UserDAOForTesting          : Created 100 internal test users.
nb Users : 100
Queue size : 36
Queue size : 0
TEST highVolumeTrackLocation: Time Elapsed: 0 seconds.
2022-12-01 08:37:58.064 DEBUG 47796 --- [    Test worker] tourGuide.dao.UserDAOForTesting          : Created 100 internal test users.
TEST highVolumeGetRewards: Time Elapsed: 1 seconds.
]]></system-out>
  <system-err><![CDATA[]]></system-err>
</testsuite>
