<?xml version="1.0" encoding="UTF-8"?>
<testsuite name="tourGuide.TestUserService" tests="3" skipped="0" failures="0" errors="0" timestamp="2022-12-01T07:37:59" hostname="eletelekeli-ThinkPad-L450" time="0.005">
  <properties/>
  <testcase name="getAllUsers" classname="tourGuide.TestUserService" time="0.002"/>
  <testcase name="addAndGetUser" classname="tourGuide.TestUserService" time="0.001"/>
  <testcase name="deleteUser" classname="tourGuide.TestUserService" time="0.002"/>
  <system-out><![CDATA[2022-12-01 08:37:59.554 DEBUG 47796 --- [    Test worker] tourGuide.dao.UserDAOForTesting          : addUser : ID : 662ac783-3155-4c70-9cd2-fbb40fddb98e ; userName : jon ; email : jon@tourGuide.com
2022-12-01 08:37:59.555 DEBUG 47796 --- [    Test worker] tourGuide.dao.UserDAOForTesting          : addUser : ID : afbfe385-2b41-4389-98e5-ff6618409f58 ; userName : jon2 ; email : jon2@tourGuide.com
2022-12-01 08:37:59.556 DEBUG 47796 --- [    Test worker] tourGuide.dao.UserDAOForTesting          : addUser : ID : 6125ab1f-364a-4063-97da-aa7f33ce96d4 ; userName : jon ; email : jon@tourGuide.com
2022-12-01 08:37:59.557 DEBUG 47796 --- [    Test worker] tourGuide.dao.UserDAOForTesting          : addUser : ID : 3e6090a3-ac78-4ebf-8d0e-280a4e20c2b6 ; userName : jon ; email : jon@tourGuide.com
]]></system-out>
  <system-err><![CDATA[]]></system-err>
</testsuite>
