<?xml version="1.0" encoding="UTF-8"?>
<testsuite name="tourGuide.TestRewardsService" tests="3" skipped="0" failures="0" errors="0" timestamp="2022-12-01T07:13:50" hostname="eletelekeli-ThinkPad-L450" time="12.862">
  <properties/>
  <testcase name="nearAllAttractions" classname="tourGuide.TestRewardsService" time="12.687"/>
  <testcase name="userGetRewards" classname="tourGuide.TestRewardsService" time="0.164"/>
  <testcase name="isWithinAttractionProximity" classname="tourGuide.TestRewardsService" time="0.01"/>
  <system-out><![CDATA[2022-12-01 08:13:50.813 DEBUG 46024 --- [    Test worker] tourGuide.dao.UserDAOForTesting          : Created 1 internal test users.
TEST nearAllAttractions : Time elapsed : 12 seconds.
]]></system-out>
  <system-err><![CDATA[]]></system-err>
</testsuite>
