<?xml version="1.0" encoding="UTF-8"?>
<testsuite name="tourGuide.TestToutGuideController" tests="5" skipped="0" failures="0" errors="0" timestamp="2022-12-01T07:13:46" hostname="eletelekeli-ThinkPad-L450" time="2.754">
  <properties/>
  <testcase name="testGetLocation" classname="tourGuide.TestToutGuideController" time="0.582"/>
  <testcase name="testGetNearbyAttractions" classname="tourGuide.TestToutGuideController" time="2.092"/>
  <testcase name="testGetAllCurrentLocations" classname="tourGuide.TestToutGuideController" time="0.016"/>
  <testcase name="testGetTripDeals" classname="tourGuide.TestToutGuideController" time="0.047"/>
  <testcase name="testGetRewards" classname="tourGuide.TestToutGuideController" time="0.011"/>
  <system-out><![CDATA[08:13:37.937 [Test worker] DEBUG org.springframework.test.context.junit4.SpringJUnit4ClassRunner - SpringJUnit4ClassRunner constructor called with [class tourGuide.TestToutGuideController]
08:13:37.967 [Test worker] DEBUG org.springframework.test.context.BootstrapUtils - Instantiating CacheAwareContextLoaderDelegate from class [org.springframework.test.context.cache.DefaultCacheAwareContextLoaderDelegate]
08:13:37.997 [Test worker] DEBUG org.springframework.test.context.BootstrapUtils - Instantiating BootstrapContext using constructor [public org.springframework.test.context.support.DefaultBootstrapContext(java.lang.Class,org.springframework.test.context.CacheAwareContextLoaderDelegate)]
08:13:38.085 [Test worker] DEBUG org.springframework.test.context.BootstrapUtils - Instantiating TestContextBootstrapper for test class [tourGuide.TestToutGuideController] from class [org.springframework.boot.test.context.SpringBootTestContextBootstrapper]
08:13:38.110 [Test worker] INFO org.springframework.boot.test.context.SpringBootTestContextBootstrapper - Neither @ContextConfiguration nor @ContextHierarchy found for test class [tourGuide.TestToutGuideController], using SpringBootContextLoader
08:13:38.118 [Test worker] DEBUG org.springframework.test.context.support.AbstractContextLoader - Did not detect default resource location for test class [tourGuide.TestToutGuideController]: class path resource [tourGuide/TestToutGuideController-context.xml] does not exist
08:13:38.119 [Test worker] DEBUG org.springframework.test.context.support.AbstractContextLoader - Did not detect default resource location for test class [tourGuide.TestToutGuideController]: class path resource [tourGuide/TestToutGuideControllerContext.groovy] does not exist
08:13:38.119 [Test worker] INFO org.springframework.test.context.support.AbstractContextLoader - Could not detect default resource locations for test class [tourGuide.TestToutGuideController]: no resource found for suffixes {-context.xml, Context.groovy}.
08:13:38.121 [Test worker] INFO org.springframework.test.context.support.AnnotationConfigContextLoaderUtils - Could not detect default configuration classes for test class [tourGuide.TestToutGuideController]: TestToutGuideController does not declare any static, non-private, non-final, nested classes annotated with @Configuration.
08:13:38.255 [Test worker] DEBUG org.springframework.test.context.support.ActiveProfilesUtils - Could not find an 'annotation declaring class' for annotation type [org.springframework.test.context.ActiveProfiles] and class [tourGuide.TestToutGuideController]
08:13:38.439 [Test worker] DEBUG org.springframework.context.annotation.ClassPathScanningCandidateComponentProvider - Identified candidate component class: file [/home/eletelekeli/OC_DA_Java/P8_TourGuide/build/classes/java/main/tourGuide/Application.class]
08:13:38.447 [Test worker] INFO org.springframework.boot.test.context.SpringBootTestContextBootstrapper - Found @SpringBootConfiguration tourGuide.Application for test class tourGuide.TestToutGuideController
08:13:38.779 [Test worker] DEBUG org.springframework.boot.test.context.SpringBootTestContextBootstrapper - @TestExecutionListeners is not present for class [tourGuide.TestToutGuideController]: using defaults.
08:13:38.780 [Test worker] INFO org.springframework.boot.test.context.SpringBootTestContextBootstrapper - Loaded default TestExecutionListener class names from location [META-INF/spring.factories]: [org.springframework.boot.test.autoconfigure.restdocs.RestDocsTestExecutionListener, org.springframework.boot.test.autoconfigure.web.client.MockRestServiceServerResetTestExecutionListener, org.springframework.boot.test.autoconfigure.web.servlet.MockMvcPrintOnlyOnFailureTestExecutionListener, org.springframework.boot.test.autoconfigure.web.servlet.WebDriverTestExecutionListener, org.springframework.boot.test.mock.mockito.MockitoTestExecutionListener, org.springframework.boot.test.mock.mockito.ResetMocksTestExecutionListener, org.springframework.test.context.web.ServletTestExecutionListener, org.springframework.test.context.support.DirtiesContextBeforeModesTestExecutionListener, org.springframework.test.context.support.DependencyInjectionTestExecutionListener, org.springframework.test.context.support.DirtiesContextTestExecutionListener, org.springframework.test.context.transaction.TransactionalTestExecutionListener, org.springframework.test.context.jdbc.SqlScriptsTestExecutionListener]
08:13:38.815 [Test worker] DEBUG org.springframework.boot.test.context.SpringBootTestContextBootstrapper - Skipping candidate TestExecutionListener [org.springframework.test.context.transaction.TransactionalTestExecutionListener] due to a missing dependency. Specify custom listener classes or make the default listener classes and their required dependencies available. Offending class: [org/springframework/transaction/TransactionDefinition]
08:13:38.816 [Test worker] DEBUG org.springframework.boot.test.context.SpringBootTestContextBootstrapper - Skipping candidate TestExecutionListener [org.springframework.test.context.jdbc.SqlScriptsTestExecutionListener] due to a missing dependency. Specify custom listener classes or make the default listener classes and their required dependencies available. Offending class: [org/springframework/transaction/interceptor/TransactionAttribute]
08:13:38.817 [Test worker] INFO org.springframework.boot.test.context.SpringBootTestContextBootstrapper - Using TestExecutionListeners: [org.springframework.test.context.web.ServletTestExecutionListener@343bedd4, org.springframework.test.context.support.DirtiesContextBeforeModesTestExecutionListener@60026c79, org.springframework.boot.test.mock.mockito.MockitoTestExecutionListener@17bfe51d, org.springframework.boot.test.autoconfigure.SpringBootDependencyInjectionTestExecutionListener@6833d0c1, org.springframework.test.context.support.DirtiesContextTestExecutionListener@38dc55e, org.springframework.boot.test.autoconfigure.restdocs.RestDocsTestExecutionListener@709f10f2, org.springframework.boot.test.autoconfigure.web.client.MockRestServiceServerResetTestExecutionListener@18e094f1, org.springframework.boot.test.autoconfigure.web.servlet.MockMvcPrintOnlyOnFailureTestExecutionListener@6ea3faf4, org.springframework.boot.test.autoconfigure.web.servlet.WebDriverTestExecutionListener@3e9754b, org.springframework.boot.test.mock.mockito.ResetMocksTestExecutionListener@bf9ed44]
08:13:38.824 [Test worker] DEBUG org.springframework.test.annotation.ProfileValueUtils - Retrieved @ProfileValueSourceConfiguration [null] for test class [tourGuide.TestToutGuideController]
08:13:38.826 [Test worker] DEBUG org.springframework.test.annotation.ProfileValueUtils - Retrieved ProfileValueSource type [class org.springframework.test.annotation.SystemProfileValueSource] for class [tourGuide.TestToutGuideController]
08:13:38.828 [Test worker] DEBUG org.springframework.test.annotation.ProfileValueUtils - Retrieved @ProfileValueSourceConfiguration [null] for test class [tourGuide.TestToutGuideController]
08:13:38.828 [Test worker] DEBUG org.springframework.test.annotation.ProfileValueUtils - Retrieved ProfileValueSource type [class org.springframework.test.annotation.SystemProfileValueSource] for class [tourGuide.TestToutGuideController]
08:13:38.848 [Test worker] DEBUG org.springframework.test.context.support.AbstractDirtiesContextTestExecutionListener - Before test class: context [DefaultTestContext@47504d2d testClass = TestToutGuideController, testInstance = [null], testMethod = [null], testException = [null], mergedContextConfiguration = [WebMergedContextConfiguration@6a6286fa testClass = TestToutGuideController, locations = '{}', classes = '{class tourGuide.Application}', contextInitializerClasses = '[]', activeProfiles = '{}', propertySourceLocations = '{}', propertySourceProperties = '{org.springframework.boot.test.context.SpringBootTestContextBootstrapper=true}', contextCustomizers = set[org.springframework.boot.test.autoconfigure.properties.PropertyMappingContextCustomizer@e7e8512, org.springframework.boot.test.autoconfigure.web.servlet.WebDriverContextCustomizerFactory$Customizer@1b686656, [ImportsContextCustomizer@9d7bfc1 key = [org.springframework.boot.test.autoconfigure.web.servlet.MockMvcAutoConfiguration, org.springframework.boot.test.autoconfigure.web.servlet.MockMvcSecurityAutoConfiguration, org.springframework.boot.test.autoconfigure.web.servlet.MockMvcWebClientAutoConfiguration, org.springframework.boot.test.autoconfigure.web.servlet.MockMvcWebDriverAutoConfiguration]], org.springframework.boot.test.context.filter.ExcludeFilterContextCustomizer@46eaea6e, org.springframework.boot.test.json.DuplicateJsonObjectContextCustomizerFactory$DuplicateJsonObjectContextCustomizer@395eee9a, org.springframework.boot.test.mock.mockito.MockitoContextCustomizer@0, org.springframework.boot.test.web.client.TestRestTemplateContextCustomizer@6dcfbf5], resourceBasePath = 'src/main/webapp', contextLoader = 'org.springframework.boot.test.context.SpringBootContextLoader', parent = [null]], attributes = map['org.springframework.test.context.web.ServletTestExecutionListener.activateListener' -> true]], class annotated with @DirtiesContext [false] with mode [null].
08:13:38.855 [Test worker] DEBUG org.springframework.test.annotation.ProfileValueUtils - Retrieved @ProfileValueSourceConfiguration [null] for test class [tourGuide.TestToutGuideController]
08:13:38.855 [Test worker] DEBUG org.springframework.test.annotation.ProfileValueUtils - Retrieved ProfileValueSource type [class org.springframework.test.annotation.SystemProfileValueSource] for class [tourGuide.TestToutGuideController]
08:13:38.918 [Test worker] DEBUG org.springframework.test.context.support.TestPropertySourceUtils - Adding inlined properties to environment: {spring.jmx.enabled=false, org.springframework.boot.test.context.SpringBootTestContextBootstrapper=true, server.port=-1}

  .   ____          _            __ _ _
 /\\ / ___'_ __ _ _(_)_ __  __ _ \ \ \ \
( ( )\___ | '_ | '_| | '_ \/ _` | \ \ \ \
 \\/  ___)| |_)| | | | | || (_| |  ) ) ) )
  '  |____| .__|_| |_|_| |_\__, | / / / /
 =========|_|==============|___/=/_/_/_/
 :: Spring Boot ::        (v2.1.6.RELEASE)

2022-12-01 08:13:39.843  INFO 46024 --- [    Test worker] tourGuide.TestToutGuideController        : Starting TestToutGuideController on eletelekeli-ThinkPad-L450 with PID 46024 (started by eletelekeli in /home/eletelekeli/OC_DA_Java/P8_TourGuide)
2022-12-01 08:13:39.851 DEBUG 46024 --- [    Test worker] tourGuide.TestToutGuideController        : Running with Spring Boot v2.1.6.RELEASE, Spring v5.1.8.RELEASE
2022-12-01 08:13:39.860  INFO 46024 --- [    Test worker] tourGuide.TestToutGuideController        : No active profile set, falling back to default profiles: default
2022-12-01 08:13:44.361  INFO 46024 --- [    Test worker] o.s.s.concurrent.ThreadPoolTaskExecutor  : Initializing ExecutorService 'applicationTaskExecutor'
2022-12-01 08:13:45.803  INFO 46024 --- [    Test worker] o.s.b.t.m.w.SpringBootMockServletContext : Initializing Spring TestDispatcherServlet ''
2022-12-01 08:13:45.803  INFO 46024 --- [    Test worker] o.s.t.web.servlet.TestDispatcherServlet  : Initializing Servlet ''
2022-12-01 08:13:45.841  INFO 46024 --- [    Test worker] o.s.b.a.e.web.EndpointLinksResolver      : Exposing 2 endpoint(s) beneath base path '/actuator'
2022-12-01 08:13:45.909  INFO 46024 --- [    Test worker] o.s.t.web.servlet.TestDispatcherServlet  : Completed initialization in 106 ms
2022-12-01 08:13:46.015  INFO 46024 --- [    Test worker] tourGuide.TestToutGuideController        : Started TestToutGuideController in 7.062 seconds (JVM running for 9.688)
2022-12-01 08:13:46.023  INFO 46024 --- [    Test worker] tourGuide.controller.ExecutionManager    : TestMode enabled
2022-12-01 08:13:46.024 DEBUG 46024 --- [    Test worker] tourGuide.controller.ExecutionManager    : Initializing users
2022-12-01 08:13:46.074  INFO 46024 --- [    Test worker] o.j.m.DefaultMonetaryContextFactory      : Using custom MathContext: precision=256, roundingMode=HALF_EVEN
2022-12-01 08:13:46.100 DEBUG 46024 --- [    Test worker] tourGuide.dao.UserDAOForTesting          : Created 2 internal test users.
2022-12-01 08:13:46.101 DEBUG 46024 --- [    Test worker] tourGuide.controller.ExecutionManager    : Finished initializing users
2022-12-01 08:13:46.101  INFO 46024 --- [    Test worker] tourGuide.controller.ExecutionManager    : runTracker
runTracker
2022-12-01 08:13:46.102  INFO 46024 --- [    Test worker] tourGuide.tracker.Tracker                : Tracker constructor
2022-12-01 08:13:46.104  INFO 46024 --- [pool-1-thread-1] tourGuide.tracker.Tracker                : Tracker Run()
2022-12-01 08:13:46.111 DEBUG 46024 --- [pool-1-thread-1] tourGuide.tracker.Tracker                : Begin Tracker. Tracking 2 users.
2022-12-01 08:13:46.199 DEBUG 46024 --- [pool-1-thread-1] tourGuide.tracker.Tracker                : Tracker Time Elapsed: 0 seconds.
2022-12-01 08:13:46.199 DEBUG 46024 --- [pool-1-thread-1] tourGuide.tracker.Tracker                : Tracker sleeping
2022-12-01 08:13:46.733  INFO 46024 --- [    Test worker] tourGuide.tracker.Tracker                : stopTracking
2022-12-01 08:13:46.764 DEBUG 46024 --- [    Test worker] t.controller.TourGuideController         : userLocation : -80.563018 , -23.638135
2022-12-01 08:13:48.832  INFO 46024 --- [    Test worker] tourGuide.tracker.Tracker                : stopTracking
2022-12-01 08:13:48.847  INFO 46024 --- [    Test worker] tourGuide.tracker.Tracker                : stopTracking
2022-12-01 08:13:48.895  INFO 46024 --- [    Test worker] tourGuide.tracker.Tracker                : stopTracking
2022-12-01 08:13:48.908  INFO 46024 --- [    Test worker] tourGuide.tracker.Tracker                : stopTracking
]]></system-out>
  <system-err><![CDATA[]]></system-err>
</testsuite>
